<?xml version="1.0" encoding="UTF-8"?>
<!-- Generated by org.testng.reporters.JUnitXMLReporter -->
<testsuite ignored="0" hostname="89KJLH2" failures="1" tests="1" name="PositiveLogInTest" time="18.634" errors="0" timestamp="2021-09-12T20:13:51 ICT">
  <testcase classname="net.phptravels.loginTests.PositiveLoginTests" name="loginTest" time="5.46">
    <failure type="java.lang.NullPointerException">
      <![CDATA[java.lang.NullPointerException
at net.phptravels.page.HomePage.clickLoginBtn(HomePage.java:26)
at net.phptravels.loginTests.PositiveLoginTests.loginTest(PositiveLoginTests.java:15)
at java.base/java.util.ArrayList.forEach(ArrayList.java:1541)
... Removed 27 stack frames]]>
    </failure>
  </testcase> <!-- loginTest -->
</testsuite> <!-- PositiveLogInTest -->
